<?xml version="1.0" encoding="UTF-8"?>
<!-- Generated by org.testng.reporters.JUnitXMLReporter -->
<testsuite hostname="Naveenkrish" ignored="0" name="Test" tests="2" failures="0" timestamp="03 May 2018 04:38:33 GMT" time="0.728" errors="0">
  <testcase name="@BeforeMethod login" time="0.507" classname="week1.ProjectMethods">
    <failure type="java.lang.IllegalStateException" message="The driver executable does not exist: C:\Selenium\Selenium\drivers\chromedriver.exe">
      <![CDATA[java.lang.IllegalStateException: The driver executable does not exist: C:\Selenium\Selenium\drivers\chromedriver.exe
at com.google.common.base.Preconditions.checkState(Preconditions.java:585)
at org.openqa.selenium.remote.service.DriverService.checkExecutable(DriverService.java:136)
at org.openqa.selenium.remote.service.DriverService.findExecutable(DriverService.java:131)
at org.openqa.selenium.chrome.ChromeDriverService.access$000(ChromeDriverService.java:32)
at org.openqa.selenium.chrome.ChromeDriverService$Builder.findDefaultExecutable(ChromeDriverService.java:137)
at org.openqa.selenium.remote.service.DriverService$Builder.build(DriverService.java:339)
at org.openqa.selenium.chrome.ChromeDriverService.createDefaultService(ChromeDriverService.java:88)
at org.openqa.selenium.chrome.ChromeDriver.<init>(ChromeDriver.java:123)
at wdMethods.SeMethods.startApp(SeMethods.java:36)
at week1.ProjectMethods.login(ProjectMethods.java:16)
... Removed 28 stack frames]]>
    </failure>
  </testcase> <!-- @BeforeMethod login -->
  <testcase name="@AfterMethod close" time="0.0" classname="week1.ProjectMethods">
    <skipped/>
  </testcase> <!-- @AfterMethod close -->
  <testcase name="@BeforeMethod login" time="0.0" classname="week1.ProjectMethods">
    <skipped/>
  </testcase> <!-- @BeforeMethod login -->
  <testcase name="@AfterMethod close" time="0.0" classname="week1.ProjectMethods">
    <skipped/>
  </testcase> <!-- @AfterMethod close -->
  <testcase name="run" time="0.0" classname="week1.CreateLeads">
    <skipped/>
  </testcase> <!-- run -->
  <testcase name="run2" time="0.0" classname="week1.EditLead">
    <skipped/>
  </testcase> <!-- run2 -->
</testsuite> <!-- Test -->
